This is pdfTeX, Version 3.1415926-2.3-1.40.12 (MiKTeX 2.9) (preloaded format=pdflatex 2012.1.28)  30 JAN 2012 08:53
entering extended mode
**UpdatedProjectProposal.tex
(E:\Users\Ben\Dropbox\PreliminaryProjectProposal\UpdatedProjectProposal.tex
LaTeX2e <2011/06/27>
Babel <v3.8m> and hyphenation patterns for english, afrikaans, ancientgreek, ar
abic, armenian, assamese, basque, bengali, bokmal, bulgarian, catalan, coptic, 
croatian, czech, danish, dutch, esperanto, estonian, farsi, finnish, french, ga
lician, german, german-x-2009-06-19, greek, gujarati, hindi, hungarian, iceland
ic, indonesian, interlingua, irish, italian, kannada, kurmanji, lao, latin, lat
vian, lithuanian, malayalam, marathi, mongolian, mongolianlmc, monogreek, ngerm
an, ngerman-x-2009-06-19, nynorsk, oriya, panjabi, pinyin, polish, portuguese, 
romanian, russian, sanskrit, serbian, slovak, slovenian, spanish, swedish, swis
sgerman, tamil, telugu, turkish, turkmen, ukenglish, ukrainian, uppersorbian, u
senglishmax, welsh, loaded.
("E:\Program Files (x86)\MiKTeX 2.9\tex\latex\base\article.cls"
Document Class: article 2007/10/19 v1.4h Standard LaTeX document class
("E:\Program Files (x86)\MiKTeX 2.9\tex\latex\base\size11.clo"
File: size11.clo 2007/10/19 v1.4h Standard LaTeX file (size option)
)
\c@part=\count79
\c@section=\count80
\c@subsection=\count81
\c@subsubsection=\count82
\c@paragraph=\count83
\c@subparagraph=\count84
\c@figure=\count85
\c@table=\count86
\abovecaptionskip=\skip41
\belowcaptionskip=\skip42
\bibindent=\dimen102
)
("E:\Program Files (x86)\MiKTeX 2.9\tex\latex\ams\math\amsmath.sty"
Package: amsmath 2000/07/18 v2.13 AMS math features
\@mathmargin=\skip43

For additional information on amsmath, use the `?' option.
("E:\Program Files (x86)\MiKTeX 2.9\tex\latex\ams\math\amstext.sty"
Package: amstext 2000/06/29 v2.01

("E:\Program Files (x86)\MiKTeX 2.9\tex\latex\ams\math\amsgen.sty"
File: amsgen.sty 1999/11/30 v2.0
\@emptytoks=\toks14
\ex@=\dimen103
))
("E:\Program Files (x86)\MiKTeX 2.9\tex\latex\ams\math\amsbsy.sty"
Package: amsbsy 1999/11/29 v1.2d
\pmbraise@=\dimen104
)
("E:\Program Files (x86)\MiKTeX 2.9\tex\latex\ams\math\amsopn.sty"
Package: amsopn 1999/12/14 v2.01 operator names
)
\inf@bad=\count87
LaTeX Info: Redefining \frac on input line 211.
\uproot@=\count88
\leftroot@=\count89
LaTeX Info: Redefining \overline on input line 307.
\classnum@=\count90
\DOTSCASE@=\count91
LaTeX Info: Redefining \ldots on input line 379.
LaTeX Info: Redefining \dots on input line 382.
LaTeX Info: Redefining \cdots on input line 467.
\Mathstrutbox@=\box26
\strutbox@=\box27
\big@size=\dimen105
LaTeX Font Info:    Redeclaring font encoding OML on input line 567.
LaTeX Font Info:    Redeclaring font encoding OMS on input line 568.
\macc@depth=\count92
\c@MaxMatrixCols=\count93
\dotsspace@=\muskip10
\c@parentequation=\count94
\dspbrk@lvl=\count95
\tag@help=\toks15
\row@=\count96
\column@=\count97
\maxfields@=\count98
\andhelp@=\toks16
\eqnshift@=\dimen106
\alignsep@=\dimen107
\tagshift@=\dimen108
\tagwidth@=\dimen109
\totwidth@=\dimen110
\lineht@=\dimen111
\@envbody=\toks17
\multlinegap=\skip44
\multlinetaggap=\skip45
\mathdisplay@stack=\toks18
LaTeX Info: Redefining \[ on input line 2666.
LaTeX Info: Redefining \] on input line 2667.
)
("E:\Program Files (x86)\MiKTeX 2.9\tex\latex\amsfonts\amsfonts.sty"
Package: amsfonts 2009/06/22 v3.00 Basic AMSFonts support
\symAMSa=\mathgroup4
\symAMSb=\mathgroup5
LaTeX Font Info:    Overwriting math alphabet `\mathfrak' in version `bold'
(Font)                  U/euf/m/n --> U/euf/b/n on input line 96.
)
("E:\Program Files (x86)\MiKTeX 2.9\tex\latex\amsfonts\amssymb.sty"
Package: amssymb 2009/06/22 v3.00
)
("E:\Program Files (x86)\MiKTeX 2.9\tex\latex\preprint\fullpage.sty"
Package: fullpage 1999/02/23 1.1 (PWD)
\FP@margin=\skip46
)
("E:\Program Files (x86)\MiKTeX 2.9\tex\latex\graphics\graphicx.sty"
Package: graphicx 1999/02/16 v1.0f Enhanced LaTeX Graphics (DPC,SPQR)

("E:\Program Files (x86)\MiKTeX 2.9\tex\latex\graphics\keyval.sty"
Package: keyval 1999/03/16 v1.13 key=value parser (DPC)
\KV@toks@=\toks19
)
("E:\Program Files (x86)\MiKTeX 2.9\tex\latex\graphics\graphics.sty"
Package: graphics 2009/02/05 v1.0o Standard LaTeX Graphics (DPC,SPQR)

("E:\Program Files (x86)\MiKTeX 2.9\tex\latex\graphics\trig.sty"
Package: trig 1999/03/16 v1.09 sin cos tan (DPC)
)
("E:\Program Files (x86)\MiKTeX 2.9\tex\latex\00miktex\graphics.cfg"
File: graphics.cfg 2007/01/18 v1.5 graphics configuration of teTeX/TeXLive
)
Package graphics Info: Driver file: pdftex.def on input line 91.

("E:\Program Files (x86)\MiKTeX 2.9\tex\latex\pdftex-def\pdftex.def"
File: pdftex.def 2011/05/27 v0.06d Graphics/color for pdfTeX

("E:\Program Files (x86)\MiKTeX 2.9\tex\generic\oberdiek\infwarerr.sty"
Package: infwarerr 2010/04/08 v1.3 Providing info/warning/message (HO)
)
("E:\Program Files (x86)\MiKTeX 2.9\tex\generic\oberdiek\ltxcmds.sty"
Package: ltxcmds 2011/04/18 v1.20 LaTeX kernel commands for general use (HO)
)
\Gread@gobject=\count99
))
\Gin@req@height=\dimen112
\Gin@req@width=\dimen113
)
("E:\Program Files (x86)\MiKTeX 2.9\tex\latex\ulem\ulem.sty"
\UL@box=\box28
\UL@hyphenbox=\box29
\UL@skip=\skip47
\UL@hook=\toks20
\UL@height=\dimen114
\UL@pe=\count100
\UL@pixel=\dimen115
\ULC@box=\box30
Package: ulem 2011/03/18
\ULdepth=\dimen116
)
("E:\Program Files (x86)\MiKTeX 2.9\tex\latex\ltxmisc\url.sty"
\Urlmuskip=\muskip11
Package: url 2006/04/12  ver 3.3  Verb mode for urls, etc.
)
(E:\Users\Ben\Dropbox\PreliminaryProjectProposal\lab.tex)
(E:\Users\Ben\Dropbox\PreliminaryProjectProposal\UpdatedProjectProposal.aux)
LaTeX Font Info:    Checking defaults for OML/cmm/m/it on input line 11.
LaTeX Font Info:    ... okay on input line 11.
LaTeX Font Info:    Checking defaults for T1/cmr/m/n on input line 11.
LaTeX Font Info:    ... okay on input line 11.
LaTeX Font Info:    Checking defaults for OT1/cmr/m/n on input line 11.
LaTeX Font Info:    ... okay on input line 11.
LaTeX Font Info:    Checking defaults for OMS/cmsy/m/n on input line 11.
LaTeX Font Info:    ... okay on input line 11.
LaTeX Font Info:    Checking defaults for OMX/cmex/m/n on input line 11.
LaTeX Font Info:    ... okay on input line 11.
LaTeX Font Info:    Checking defaults for U/cmr/m/n on input line 11.
LaTeX Font Info:    ... okay on input line 11.

("E:\Program Files (x86)\MiKTeX 2.9\tex\context\base\supp-pdf.mkii"
[Loading MPS to PDF converter (version 2006.09.02).]
\scratchcounter=\count101
\scratchdimen=\dimen117
\scratchbox=\box31
\nofMPsegments=\count102
\nofMParguments=\count103
\everyMPshowfont=\toks21
\MPscratchCnt=\count104
\MPscratchDim=\dimen118
\MPnumerator=\count105
\makeMPintoPDFobject=\count106
\everyMPtoPDFconversion=\toks22
)
Missing character: There is no ‚ in font cmr10!
Missing character: There is no Ä in font cmr10!
Missing character: There is no ú in font cmr10!
Missing character: There is no ‚ in font cmr10!
Missing character: There is no Ä in font cmr10!
Missing character: There is no ù in font cmr10!

Underfull \hbox (badness 10000) in paragraph at lines 12--12

 []


Underfull \hbox (badness 10000) in paragraph at lines 12--12

 []


Underfull \hbox (badness 10000) in paragraph at lines 12--12

 []


Underfull \hbox (badness 10000) in paragraph at lines 12--12

 []


Underfull \hbox (badness 10000) in paragraph at lines 12--12

 []


Underfull \hbox (badness 10000) in paragraph at lines 12--12

 []


Underfull \hbox (badness 10000) in paragraph at lines 12--12

 []


Underfull \hbox (badness 10000) in paragraph at lines 12--12

 []

[1

{C:/ProgramData/MiKTeX/2.9/pdftex/config/pdftex.map}]
(E:\Users\Ben\Dropbox\PreliminaryProjectProposal\UpdatedProjectProposal.toc
LaTeX Font Info:    Try loading font information for U+msa on input line 2.

("E:\Program Files (x86)\MiKTeX 2.9\tex\latex\amsfonts\umsa.fd"
File: umsa.fd 2009/06/22 v3.00 AMS symbols A
)
LaTeX Font Info:    Try loading font information for U+msb on input line 2.

("E:\Program Files (x86)\MiKTeX 2.9\tex\latex\amsfonts\umsb.fd"
File: umsb.fd 2009/06/22 v3.00 AMS symbols B
))
\tf@toc=\write3
 [2]
<SmartFridgeTopLevel.png, id=12, 869.49844pt x 499.11469pt>
File: SmartFridgeTopLevel.png Graphic file (type png)

<use SmartFridgeTopLevel.png>
Package pdftex.def Info: SmartFridgeTopLevel.png used on input line 28.
(pdftex.def)             Requested size: 434.74815pt x 249.55672pt.

Underfull \hbox (badness 10000) in paragraph at lines 23--34

 []


LaTeX Warning: `!h' float specifier changed to `!ht'.

[3] [4 <E:/Users/Ben/Dropbox/PreliminaryProjectProposal/SmartFridgeTopLevel.png
>]
Underfull \hbox (badness 3989) in paragraph at lines 55--55
[]\OT1/cmr/m/n/10.95 A. An off-the-shelf UPC scan-ner
 []


Underfull \hbox (badness 1062) in paragraph at lines 55--56
[]\OT1/cmr/m/n/10.95 A UPC scan-ner can read prod-uct
 []


Underfull \hbox (badness 5652) in paragraph at lines 77--78
[]\OT1/cmr/m/n/10.95 Similar sys-tems are com-mer-cially
 []


Overfull \hbox (14.31873pt too wide) in paragraph at lines 51--80
 [] 
 []


Underfull \hbox (badness 10000) in paragraph at lines 84--88

 []

[5]
Underfull \hbox (badness 10000) in paragraph at lines 89--113

 []


Underfull \hbox (badness 10000) in paragraph at lines 89--113

 []


LaTeX Warning: `!h' float specifier changed to `!ht'.

[6] [7]
Underfull \hbox (badness 10000) in paragraph at lines 160--160
[]\OT1/cmr/m/n/10.95 Micro-
 []


Underfull \hbox (badness 10000) in paragraph at lines 156--173
[][]
 []


Overfull \hbox (11.86496pt too wide) in paragraph at lines 177--198
[][]
 []


LaTeX Warning: `!h' float specifier changed to `!ht'.

[8]
Underfull \hbox (badness 10000) in paragraph at lines 201--204

 []

[9] <MockUp1.png, id=39, 503.63156pt x 339.51843pt>
File: MockUp1.png Graphic file (type png)
 <use MockUp1.png>
Package pdftex.def Info: MockUp1.png used on input line 210.
(pdftex.def)             Requested size: 251.81516pt x 169.75879pt.

<MockUp2.png, id=40, 503.63156pt x 339.51843pt>
File: MockUp2.png Graphic file (type png)
 <use MockUp2.png>
Package pdftex.def Info: MockUp2.png used on input line 218.
(pdftex.def)             Requested size: 251.81516pt x 169.75879pt.

<MockUp3.png, id=41, 503.63156pt x 339.51843pt>
File: MockUp3.png Graphic file (type png)
 <use MockUp3.png>
Package pdftex.def Info: MockUp3.png used on input line 226.
(pdftex.def)             Requested size: 251.81516pt x 169.75879pt.


LaTeX Warning: `!h' float specifier changed to `!ht'.

<MockUp4.png, id=42, 503.63156pt x 339.51843pt>
File: MockUp4.png Graphic file (type png)
 <use MockUp4.png>
Package pdftex.def Info: MockUp4.png used on input line 234.
(pdftex.def)             Requested size: 251.81516pt x 169.75879pt.


LaTeX Warning: `!h' float specifier changed to `!ht'.

[10 <E:/Users/Ben/Dropbox/PreliminaryProjectProposal/MockUp1.png> <E:/Users/Ben
/Dropbox/PreliminaryProjectProposal/MockUp2.png>] [11 <E:/Users/Ben/Dropbox/Pre
liminaryProjectProposal/MockUp3.png> <E:/Users/Ben/Dropbox/PreliminaryProjectPr
oposal/MockUp4.png>]
Underfull \hbox (badness 10000) in paragraph at lines 275--284

 []


Underfull \hbox (badness 10000) in paragraph at lines 275--284

 []


Underfull \hbox (badness 10000) in paragraph at lines 275--284

 []


Underfull \hbox (badness 10000) in paragraph at lines 275--284

 []

[12] [13]
Underfull \hbox (badness 1147) in paragraph at lines 305--305
[]\OT1/cmr/bx/n/10.95 Scheduled Com-ple-tion
 []


Underfull \hbox (badness 10000) in paragraph at lines 311--311
[]\OT1/cmr/m/n/10.95 Peripherals prop-erly in-ter-fac-ing
 []

[14]
Underfull \hbox (badness 6316) in paragraph at lines 343--344
[]\OT1/cmr/m/n/10.95 Collins, Hugh. ``Study: US Food Waste Is a Huge En-ergy Dr
ain." Aol-News.
 []


Underfull \hbox (badness 10000) in paragraph at lines 343--344
\OT1/cmr/m/n/10.95 N.p., 02 Oct 2010. Web. 29 Jan 2012. $\OT1/cmtt/m/n/10.95 <[
]http : / / www . aolnews . com / 2010 / 10 / 02 /$
 []

[15]
(E:\Users\Ben\Dropbox\PreliminaryProjectProposal\UpdatedProjectProposal.aux) ) 
Here is how much of TeX's memory you used:
 2233 strings out of 494045
 27978 string characters out of 3145975
 95658 words of memory out of 3000000
 5506 multiletter control sequences out of 15000+200000
 11026 words of font info for 42 fonts, out of 3000000 for 9000
 715 hyphenation exceptions out of 8191
 27i,10n,22p,1790b,280s stack positions out of 5000i,500n,10000p,200000b,50000s
<
E:/Program Files (x86)/MiKTeX 2.9/fonts/type1/public/amsfonts/cm/cmbx10.pfb><E:
/Program Files (x86)/MiKTeX 2.9/fonts/type1/public/amsfonts/cm/cmbx12.pfb><E:/P
rogram Files (x86)/MiKTeX 2.9/fonts/type1/public/amsfonts/cm/cmcsc10.pfb><E:/Pr
ogram Files (x86)/MiKTeX 2.9/fonts/type1/public/amsfonts/cm/cmex10.pfb><E:/Prog
ram Files (x86)/MiKTeX 2.9/fonts/type1/public/amsfonts/cm/cmr10.pfb><E:/Program
 Files (x86)/MiKTeX 2.9/fonts/type1/public/amsfonts/cm/cmsy10.pfb><E:/Program F
iles (x86)/MiKTeX 2.9/fonts/type1/public/amsfonts/cm/cmti10.pfb><E:/Program Fil
es (x86)/MiKTeX 2.9/fonts/type1/public/amsfonts/cm/cmtt10.pfb>
Output written on UpdatedProjectProposal.pdf (15 pages, 258228 bytes).
PDF statistics:
 88 PDF objects out of 1000 (max. 8388607)
 0 named destinations out of 1000 (max. 500000)
 26 words of extra memory for PDF output out of 10000 (max. 10000000)

